<?xml version="1.0" encoding="UTF-8"?>
<!-- Generated by org.testng.reporters.JUnitReportReporter -->
<testsuite hostname="ShivaAnjali" failures="0" tests="1" name="Tsk6.seleniumTest.AppTest" time="28.044" errors="0" timestamp="2024-03-28T20:34:44 IST" skipped="0">
  <testcase classname="Tsk6.seleniumTest.AppTest" name="test1" time="28.044"/>
</testsuite> <!-- Tsk6.seleniumTest.AppTest -->
